2023-11-23T15:59:19+00:00 CRITICAL Uncaught Tamara\Wp\Plugin\Dependencies\Tamara\Exception\RequestException in C:\laragon\www\lemurecomsmetic\wp-content\plugins\tamara-checkout\src\Dependencies\Tamara\HttpClient\NyholmHttpAdapter.php:63
Stack trace:
#0 C:\laragon\www\lemurecomsmetic\wp-content\plugins\tamara-checkout\src\Dependencies\Tamara\HttpClient\HttpClient.php(119): Tamara\Wp\Plugin\Dependencies\Tamara\HttpClient\NyholmHttpAdapter->sendRequest(Object(Tamara\Wp\Plugin\Dependencies\Nyholm\Psr7\Request))
#1 C:\laragon\www\lemurecomsmetic\wp-content\plugins\tamara-checkout\src\Dependencies\Tamara\HttpClient\HttpClient.php(76): Tamara\Wp\Plugin\Dependencies\Tamara\HttpClient\HttpClient->request('POST', '/checkout/payme...', Array)
#2 C:\laragon\www\lemurecomsmetic\wp-content\plugins\tamara-checkout\src\Dependencies\Tamara\Request\Checkout\CheckPaymentOptionsAvailabilityRequestHandler.php(19): Tamara\Wp\Plugin\Dependencies\Tamara\HttpClient\HttpClient->post('/checkout/payme...', Array)
#3 C:\laragon\www\lemurecomsmetic\wp-content\plugins\tamara-checkout\src\Dependencies\Tamara\Request\RequestDispatcher.php(44): Tamara\Wp\Plugin\Dependencies\Tamara\Request\Checkout\CheckPaymentOptionsAvailabilityRequestHandler->__invoke(Object(Tamara\Wp\Plugin\Dependencies\Tamara\Request\Checkout\CheckPaymentOptionsAvailabilityRequest))
#4 C:\laragon\www\lemurecomsmetic\wp-content\plugins\tamara-checkout\src\Dependencies\Tamara\Client.php(269): Tamara\Wp\Plugin\Dependencies\Tamara\Request\RequestDispatcher->dispatch(Object(Tamara\Wp\Plugin\Dependencies\Tamara\Request\Checkout\CheckPaymentOptionsAvailabilityRequest))
#5 C:\laragon\www\lemurecomsmetic\wp-content\plugins\tamara-checkout\src\Traits\TamaraPaymentTypesTrait.php(518): Tamara\Wp\Plugin\Dependencies\Tamara\Client->checkPaymentOptionsAvailability(Object(Tamara\Wp\Plugin\Dependencies\Tamara\Request\Checkout\CheckPaymentOptionsAvailabilityRequest))
#6 C:\laragon\www\lemurecomsmetic\wp-content\plugins\tamara-checkout\src\Traits\TamaraPaymentTypesTrait.php(594): Tamara\Wp\Plugin\TamaraCheckout->getAvailablePaymentOptions('40.00', '', 'SA')
#7 C:\laragon\www\lemurecomsmetic\wp-content\plugins\tamara-checkout\src\Services\WCTamaraGateway.php(2644): Tamara\Wp\Plugin\TamaraCheckout->getPaymentOptions('40.00', '', 'SA')
#8 C:\laragon\www\lemurecomsmetic\wp-content\plugins\tamara-checkout\src\Services\WCTamaraGateway.php(336): Tamara\Wp\Plugin\Services\WCTamaraGateway->isMethodAvailableFromRemote('40.00', '', 'SA')
#9 C:\laragon\www\lemurecomsmetic\wp-includes\class-wp-hook.php(324): Tamara\Wp\Plugin\Services\WCTamaraGateway->adjustTamaraGatewayOnCheckout(Array)
#10 C:\laragon\www\lemurecomsmetic\wp-includes\plugin.php(205): WP_Hook->apply_filters(Array, Array)
#11 C:\laragon\www\lemurecomsmetic\wp-content\plugins\woocommerce\includes\class-wc-payment-gateways.php(163): apply_filters('woocommerce_ava...', Array)
#12 C:\laragon\www\lemurecomsmetic\wp-content\plugins\woocommerce\includes\wc-template-functions.php(3921): WC_Payment_Gateways->get_available_payment_gateways()
#13 C:\laragon\www\lemurecomsmetic\wp-includes\class-wp-hook.php(324): wc_get_pay_buttons('')
#14 C:\laragon\www\lemurecomsmetic\wp-includes\class-wp-hook.php(348): WP_Hook->apply_filters(NULL, Array)
#15 C:\laragon\www\lemurecomsmetic\wp-includes\plugin.php(517): WP_Hook->do_action(Array)
#16 C:\laragon\www\lemurecomsmetic\wp-content\plugins\woocommerce\templates\checkout\form-checkout.php(36): do_action('woocommerce_che...')
#17 C:\laragon\www\lemurecomsmetic\wp-content\plugins\woocommerce\includes\wc-core-functions.php(345): include('C:\\laragon\\www\\...')
#18 C:\laragon\www\lemurecomsmetic\wp-content\plugins\woocommerce\includes\shortcodes\class-wc-shortcode-checkout.php(361): wc_get_template('checkout/form-c...', Array)
#19 C:\laragon\www\lemurecomsmetic\wp-content\plugins\woocommerce\includes\shortcodes\class-wc-shortcode-checkout.php(67): WC_Shortcode_Checkout::checkout()
#20 C:\laragon\www\lemurecomsmetic\wp-content\plugins\woocommerce\includes\class-wc-shortcodes.php(72): WC_Shortcode_Checkout::output('')
#21 C:\laragon\www\lemurecomsmetic\wp-content\plugins\woocommerce\includes\class-wc-shortcodes.php(95): WC_Shortcodes::shortcode_wrapper(Array, '')
#22 C:\laragon\www\lemurecomsmetic\wp-includes\shortcodes.php(433): WC_Shortcodes::checkout('', '', 'woocommerce_che...')
#23 [internal function]: do_shortcode_tag(Array)
#24 C:\laragon\www\lemurecomsmetic\wp-includes\shortcodes.php(273): preg_replace_callback('/\\[(\\[?)(woocom...', 'do_shortcode_ta...', '[woocommerce_ch...')
#25 C:\laragon\www\lemurecomsmetic\wp-includes\class-wp-hook.php(324): do_shortcode('[woocommerce_ch...')
#26 C:\laragon\www\lemurecomsmetic\wp-includes\plugin.php(205): WP_Hook->apply_filters('[woocommerce_ch...', Array)
#27 C:\laragon\www\lemurecomsmetic\wp-includes\post-template.php(256): apply_filters('the_content', '[woocommerce_ch...')
#28 C:\laragon\www\lemurecomsmetic\wp-content\themes\loobek\page.php(50): the_content()
#29 C:\laragon\www\lemurecomsmetic\wp-includes\template-loader.php(106): include('C:\\laragon\\www\\...')
#30 C:\laragon\www\lemurecomsmetic\wp-blog-header.php(19): require_once('C:\\laragon\\www\\...')
#31 C:\laragon\www\lemurecomsmetic\index.php(17): require('C:\\laragon\\www\\...')
#32 {main}
  thrown in C:\laragon\www\lemurecomsmetic\wp-content\plugins\tamara-checkout\src\Dependencies\Tamara\HttpClient\NyholmHttpAdapter.php on line 63

2023-11-23T15:59:20+00:00 CRITICAL Uncaught Tamara\Wp\Plugin\Dependencies\Tamara\Exception\RequestException in C:\laragon\www\lemurecomsmetic\wp-content\plugins\tamara-checkout\src\Dependencies\Tamara\HttpClient\NyholmHttpAdapter.php:63
Stack trace:
#0 C:\laragon\www\lemurecomsmetic\wp-content\plugins\tamara-checkout\src\Dependencies\Tamara\HttpClient\HttpClient.php(119): Tamara\Wp\Plugin\Dependencies\Tamara\HttpClient\NyholmHttpAdapter->sendRequest(Object(Tamara\Wp\Plugin\Dependencies\Nyholm\Psr7\Request))
#1 C:\laragon\www\lemurecomsmetic\wp-content\plugins\tamara-checkout\src\Dependencies\Tamara\HttpClient\HttpClient.php(76): Tamara\Wp\Plugin\Dependencies\Tamara\HttpClient\HttpClient->request('POST', '/checkout/payme...', Array)
#2 C:\laragon\www\lemurecomsmetic\wp-content\plugins\tamara-checkout\src\Dependencies\Tamara\Request\Checkout\CheckPaymentOptionsAvailabilityRequestHandler.php(19): Tamara\Wp\Plugin\Dependencies\Tamara\HttpClient\HttpClient->post('/checkout/payme...', Array)
#3 C:\laragon\www\lemurecomsmetic\wp-content\plugins\tamara-checkout\src\Dependencies\Tamara\Request\RequestDispatcher.php(44): Tamara\Wp\Plugin\Dependencies\Tamara\Request\Checkout\CheckPaymentOptionsAvailabilityRequestHandler->__invoke(Object(Tamara\Wp\Plugin\Dependencies\Tamara\Request\Checkout\CheckPaymentOptionsAvailabilityRequest))
#4 C:\laragon\www\lemurecomsmetic\wp-content\plugins\tamara-checkout\src\Dependencies\Tamara\Client.php(269): Tamara\Wp\Plugin\Dependencies\Tamara\Request\RequestDispatcher->dispatch(Object(Tamara\Wp\Plugin\Dependencies\Tamara\Request\Checkout\CheckPaymentOptionsAvailabilityRequest))
#5 C:\laragon\www\lemurecomsmetic\wp-content\plugins\tamara-checkout\src\Traits\TamaraPaymentTypesTrait.php(518): Tamara\Wp\Plugin\Dependencies\Tamara\Client->checkPaymentOptionsAvailability(Object(Tamara\Wp\Plugin\Dependencies\Tamara\Request\Checkout\CheckPaymentOptionsAvailabilityRequest))
#6 C:\laragon\www\lemurecomsmetic\wp-content\plugins\tamara-checkout\src\Traits\TamaraPaymentTypesTrait.php(594): Tamara\Wp\Plugin\TamaraCheckout->getAvailablePaymentOptions('40.00', '', 'SA')
#7 C:\laragon\www\lemurecomsmetic\wp-content\plugins\tamara-checkout\src\Services\WCTamaraGateway.php(2644): Tamara\Wp\Plugin\TamaraCheckout->getPaymentOptions('40.00', '', 'SA')
#8 C:\laragon\www\lemurecomsmetic\wp-content\plugins\tamara-checkout\src\Services\WCTamaraGateway.php(336): Tamara\Wp\Plugin\Services\WCTamaraGateway->isMethodAvailableFromRemote('40.00', '', 'SA')
#9 C:\laragon\www\lemurecomsmetic\wp-includes\class-wp-hook.php(324): Tamara\Wp\Plugin\Services\WCTamaraGateway->adjustTamaraGatewayOnCheckout(Array)
#10 C:\laragon\www\lemurecomsmetic\wp-includes\plugin.php(205): WP_Hook->apply_filters(Array, Array)
#11 C:\laragon\www\lemurecomsmetic\wp-content\plugins\woocommerce\includes\class-wc-payment-gateways.php(163): apply_filters('woocommerce_ava...', Array)
#12 C:\laragon\www\lemurecomsmetic\wp-content\plugins\woocommerce\includes\wc-template-functions.php(2393): WC_Payment_Gateways->get_available_payment_gateways()
#13 C:\laragon\www\lemurecomsmetic\wp-content\plugins\woocommerce\includes\class-wc-ajax.php(410): woocommerce_checkout_payment()
#14 C:\laragon\www\lemurecomsmetic\wp-includes\class-wp-hook.php(324): WC_AJAX::update_order_review('')
#15 C:\laragon\www\lemurecomsmetic\wp-includes\class-wp-hook.php(348): WP_Hook->apply_filters(NULL, Array)
#16 C:\laragon\www\lemurecomsmetic\wp-includes\plugin.php(517): WP_Hook->do_action(Array)
#17 C:\laragon\www\lemurecomsmetic\wp-content\plugins\woocommerce\includes\class-wc-ajax.php(96): do_action('wc_ajax_update_...')
#18 C:\laragon\www\lemurecomsmetic\wp-includes\class-wp-hook.php(324): WC_AJAX::do_wc_ajax('')
#19 C:\laragon\www\lemurecomsmetic\wp-includes\class-wp-hook.php(348): WP_Hook->apply_filters(false, Array)
#20 C:\laragon\www\lemurecomsmetic\wp-includes\plugin.php(517): WP_Hook->do_action(Array)
#21 C:\laragon\www\lemurecomsmetic\wp-includes\template-loader.php(13): do_action('template_redire...')
#22 C:\laragon\www\lemurecomsmetic\wp-blog-header.php(19): require_once('C:\\laragon\\www\\...')
#23 C:\laragon\www\lemurecomsmetic\index.php(17): require('C:\\laragon\\www\\...')
#24 {main}
  thrown in C:\laragon\www\lemurecomsmetic\wp-content\plugins\tamara-checkout\src\Dependencies\Tamara\HttpClient\NyholmHttpAdapter.php on line 63

2023-11-23T15:59:53+00:00 CRITICAL Uncaught Tamara\Wp\Plugin\Dependencies\Tamara\Exception\RequestException in C:\laragon\www\lemurecomsmetic\wp-content\plugins\tamara-checkout\src\Dependencies\Tamara\HttpClient\NyholmHttpAdapter.php:63
Stack trace:
#0 C:\laragon\www\lemurecomsmetic\wp-content\plugins\tamara-checkout\src\Dependencies\Tamara\HttpClient\HttpClient.php(119): Tamara\Wp\Plugin\Dependencies\Tamara\HttpClient\NyholmHttpAdapter->sendRequest(Object(Tamara\Wp\Plugin\Dependencies\Nyholm\Psr7\Request))
#1 C:\laragon\www\lemurecomsmetic\wp-content\plugins\tamara-checkout\src\Dependencies\Tamara\HttpClient\HttpClient.php(76): Tamara\Wp\Plugin\Dependencies\Tamara\HttpClient\HttpClient->request('POST', '/checkout/payme...', Array)
#2 C:\laragon\www\lemurecomsmetic\wp-content\plugins\tamara-checkout\src\Dependencies\Tamara\Request\Checkout\CheckPaymentOptionsAvailabilityRequestHandler.php(19): Tamara\Wp\Plugin\Dependencies\Tamara\HttpClient\HttpClient->post('/checkout/payme...', Array)
#3 C:\laragon\www\lemurecomsmetic\wp-content\plugins\tamara-checkout\src\Dependencies\Tamara\Request\RequestDispatcher.php(44): Tamara\Wp\Plugin\Dependencies\Tamara\Request\Checkout\CheckPaymentOptionsAvailabilityRequestHandler->__invoke(Object(Tamara\Wp\Plugin\Dependencies\Tamara\Request\Checkout\CheckPaymentOptionsAvailabilityRequest))
#4 C:\laragon\www\lemurecomsmetic\wp-content\plugins\tamara-checkout\src\Dependencies\Tamara\Client.php(269): Tamara\Wp\Plugin\Dependencies\Tamara\Request\RequestDispatcher->dispatch(Object(Tamara\Wp\Plugin\Dependencies\Tamara\Request\Checkout\CheckPaymentOptionsAvailabilityRequest))
#5 C:\laragon\www\lemurecomsmetic\wp-content\plugins\tamara-checkout\src\Traits\TamaraPaymentTypesTrait.php(518): Tamara\Wp\Plugin\Dependencies\Tamara\Client->checkPaymentOptionsAvailability(Object(Tamara\Wp\Plugin\Dependencies\Tamara\Request\Checkout\CheckPaymentOptionsAvailabilityRequest))
#6 C:\laragon\www\lemurecomsmetic\wp-content\plugins\tamara-checkout\src\Traits\TamaraPaymentTypesTrait.php(594): Tamara\Wp\Plugin\TamaraCheckout->getAvailablePaymentOptions('40.00', '', 'SA')
#7 C:\laragon\www\lemurecomsmetic\wp-content\plugins\tamara-checkout\src\Services\WCTamaraGateway.php(2644): Tamara\Wp\Plugin\TamaraCheckout->getPaymentOptions('40.00', '', 'SA')
#8 C:\laragon\www\lemurecomsmetic\wp-content\plugins\tamara-checkout\src\Services\WCTamaraGateway.php(336): Tamara\Wp\Plugin\Services\WCTamaraGateway->isMethodAvailableFromRemote('40.00', '', 'SA')
#9 C:\laragon\www\lemurecomsmetic\wp-includes\class-wp-hook.php(324): Tamara\Wp\Plugin\Services\WCTamaraGateway->adjustTamaraGatewayOnCheckout(Array)
#10 C:\laragon\www\lemurecomsmetic\wp-includes\plugin.php(205): WP_Hook->apply_filters(Array, Array)
#11 C:\laragon\www\lemurecomsmetic\wp-content\plugins\woocommerce\includes\class-wc-payment-gateways.php(163): apply_filters('woocommerce_ava...', Array)
#12 C:\laragon\www\lemurecomsmetic\wp-content\plugins\woocommerce\includes\wc-template-functions.php(3921): WC_Payment_Gateways->get_available_payment_gateways()
#13 C:\laragon\www\lemurecomsmetic\wp-includes\class-wp-hook.php(324): wc_get_pay_buttons('')
#14 C:\laragon\www\lemurecomsmetic\wp-includes\class-wp-hook.php(348): WP_Hook->apply_filters(NULL, Array)
#15 C:\laragon\www\lemurecomsmetic\wp-includes\plugin.php(517): WP_Hook->do_action(Array)
#16 C:\laragon\www\lemurecomsmetic\wp-content\plugins\woocommerce\templates\checkout\form-checkout.php(36): do_action('woocommerce_che...')
#17 C:\laragon\www\lemurecomsmetic\wp-content\plugins\woocommerce\includes\wc-core-functions.php(345): include('C:\\laragon\\www\\...')
#18 C:\laragon\www\lemurecomsmetic\wp-content\plugins\woocommerce\includes\shortcodes\class-wc-shortcode-checkout.php(361): wc_get_template('checkout/form-c...', Array)
#19 C:\laragon\www\lemurecomsmetic\wp-content\plugins\woocommerce\includes\shortcodes\class-wc-shortcode-checkout.php(67): WC_Shortcode_Checkout::checkout()
#20 C:\laragon\www\lemurecomsmetic\wp-content\plugins\woocommerce\includes\class-wc-shortcodes.php(72): WC_Shortcode_Checkout::output('')
#21 C:\laragon\www\lemurecomsmetic\wp-content\plugins\woocommerce\includes\class-wc-shortcodes.php(95): WC_Shortcodes::shortcode_wrapper(Array, '')
#22 C:\laragon\www\lemurecomsmetic\wp-includes\shortcodes.php(433): WC_Shortcodes::checkout('', '', 'woocommerce_che...')
#23 [internal function]: do_shortcode_tag(Array)
#24 C:\laragon\www\lemurecomsmetic\wp-includes\shortcodes.php(273): preg_replace_callback('/\\[(\\[?)(woocom...', 'do_shortcode_ta...', '[woocommerce_ch...')
#25 C:\laragon\www\lemurecomsmetic\wp-includes\class-wp-hook.php(324): do_shortcode('[woocommerce_ch...')
#26 C:\laragon\www\lemurecomsmetic\wp-includes\plugin.php(205): WP_Hook->apply_filters('[woocommerce_ch...', Array)
#27 C:\laragon\www\lemurecomsmetic\wp-includes\post-template.php(256): apply_filters('the_content', '[woocommerce_ch...')
#28 C:\laragon\www\lemurecomsmetic\wp-content\themes\loobek\page.php(50): the_content()
#29 C:\laragon\www\lemurecomsmetic\wp-includes\template-loader.php(106): include('C:\\laragon\\www\\...')
#30 C:\laragon\www\lemurecomsmetic\wp-blog-header.php(19): require_once('C:\\laragon\\www\\...')
#31 C:\laragon\www\lemurecomsmetic\index.php(17): require('C:\\laragon\\www\\...')
#32 {main}
  thrown in C:\laragon\www\lemurecomsmetic\wp-content\plugins\tamara-checkout\src\Dependencies\Tamara\HttpClient\NyholmHttpAdapter.php on line 63

2023-11-23T15:59:54+00:00 CRITICAL Uncaught Tamara\Wp\Plugin\Dependencies\Tamara\Exception\RequestException in C:\laragon\www\lemurecomsmetic\wp-content\plugins\tamara-checkout\src\Dependencies\Tamara\HttpClient\NyholmHttpAdapter.php:63
Stack trace:
#0 C:\laragon\www\lemurecomsmetic\wp-content\plugins\tamara-checkout\src\Dependencies\Tamara\HttpClient\HttpClient.php(119): Tamara\Wp\Plugin\Dependencies\Tamara\HttpClient\NyholmHttpAdapter->sendRequest(Object(Tamara\Wp\Plugin\Dependencies\Nyholm\Psr7\Request))
#1 C:\laragon\www\lemurecomsmetic\wp-content\plugins\tamara-checkout\src\Dependencies\Tamara\HttpClient\HttpClient.php(76): Tamara\Wp\Plugin\Dependencies\Tamara\HttpClient\HttpClient->request('POST', '/checkout/payme...', Array)
#2 C:\laragon\www\lemurecomsmetic\wp-content\plugins\tamara-checkout\src\Dependencies\Tamara\Request\Checkout\CheckPaymentOptionsAvailabilityRequestHandler.php(19): Tamara\Wp\Plugin\Dependencies\Tamara\HttpClient\HttpClient->post('/checkout/payme...', Array)
#3 C:\laragon\www\lemurecomsmetic\wp-content\plugins\tamara-checkout\src\Dependencies\Tamara\Request\RequestDispatcher.php(44): Tamara\Wp\Plugin\Dependencies\Tamara\Request\Checkout\CheckPaymentOptionsAvailabilityRequestHandler->__invoke(Object(Tamara\Wp\Plugin\Dependencies\Tamara\Request\Checkout\CheckPaymentOptionsAvailabilityRequest))
#4 C:\laragon\www\lemurecomsmetic\wp-content\plugins\tamara-checkout\src\Dependencies\Tamara\Client.php(269): Tamara\Wp\Plugin\Dependencies\Tamara\Request\RequestDispatcher->dispatch(Object(Tamara\Wp\Plugin\Dependencies\Tamara\Request\Checkout\CheckPaymentOptionsAvailabilityRequest))
#5 C:\laragon\www\lemurecomsmetic\wp-content\plugins\tamara-checkout\src\Traits\TamaraPaymentTypesTrait.php(518): Tamara\Wp\Plugin\Dependencies\Tamara\Client->checkPaymentOptionsAvailability(Object(Tamara\Wp\Plugin\Dependencies\Tamara\Request\Checkout\CheckPaymentOptionsAvailabilityRequest))
#6 C:\laragon\www\lemurecomsmetic\wp-content\plugins\tamara-checkout\src\Traits\TamaraPaymentTypesTrait.php(594): Tamara\Wp\Plugin\TamaraCheckout->getAvailablePaymentOptions('40.00', '', 'SA')
#7 C:\laragon\www\lemurecomsmetic\wp-content\plugins\tamara-checkout\src\Services\WCTamaraGateway.php(2644): Tamara\Wp\Plugin\TamaraCheckout->getPaymentOptions('40.00', '', 'SA')
#8 C:\laragon\www\lemurecomsmetic\wp-content\plugins\tamara-checkout\src\Services\WCTamaraGateway.php(336): Tamara\Wp\Plugin\Services\WCTamaraGateway->isMethodAvailableFromRemote('40.00', '', 'SA')
#9 C:\laragon\www\lemurecomsmetic\wp-includes\class-wp-hook.php(324): Tamara\Wp\Plugin\Services\WCTamaraGateway->adjustTamaraGatewayOnCheckout(Array)
#10 C:\laragon\www\lemurecomsmetic\wp-includes\plugin.php(205): WP_Hook->apply_filters(Array, Array)
#11 C:\laragon\www\lemurecomsmetic\wp-content\plugins\woocommerce\includes\class-wc-payment-gateways.php(163): apply_filters('woocommerce_ava...', Array)
#12 C:\laragon\www\lemurecomsmetic\wp-content\plugins\woocommerce\includes\wc-template-functions.php(2393): WC_Payment_Gateways->get_available_payment_gateways()
#13 C:\laragon\www\lemurecomsmetic\wp-content\plugins\woocommerce\includes\class-wc-ajax.php(410): woocommerce_checkout_payment()
#14 C:\laragon\www\lemurecomsmetic\wp-includes\class-wp-hook.php(324): WC_AJAX::update_order_review('')
#15 C:\laragon\www\lemurecomsmetic\wp-includes\class-wp-hook.php(348): WP_Hook->apply_filters(NULL, Array)
#16 C:\laragon\www\lemurecomsmetic\wp-includes\plugin.php(517): WP_Hook->do_action(Array)
#17 C:\laragon\www\lemurecomsmetic\wp-content\plugins\woocommerce\includes\class-wc-ajax.php(96): do_action('wc_ajax_update_...')
#18 C:\laragon\www\lemurecomsmetic\wp-includes\class-wp-hook.php(324): WC_AJAX::do_wc_ajax('')
#19 C:\laragon\www\lemurecomsmetic\wp-includes\class-wp-hook.php(348): WP_Hook->apply_filters(false, Array)
#20 C:\laragon\www\lemurecomsmetic\wp-includes\plugin.php(517): WP_Hook->do_action(Array)
#21 C:\laragon\www\lemurecomsmetic\wp-includes\template-loader.php(13): do_action('template_redire...')
#22 C:\laragon\www\lemurecomsmetic\wp-blog-header.php(19): require_once('C:\\laragon\\www\\...')
#23 C:\laragon\www\lemurecomsmetic\index.php(17): require('C:\\laragon\\www\\...')
#24 {main}
  thrown in C:\laragon\www\lemurecomsmetic\wp-content\plugins\tamara-checkout\src\Dependencies\Tamara\HttpClient\NyholmHttpAdapter.php on line 63

